<?xml version="1.0" encoding="UTF-8"?>
<!-- Generated by org.testng.reporters.JUnitReportReporter -->
<testsuite hostname="Asplap1075" failures="0" tests="6" name="LearnSelnium.test.OrderCheckValidationHashMap" time="41.231" errors="0" timestamp="24 May 2024 12:20:32 GMT" skipped="0">
  <testcase classname="LearnSelnium.test.OrderCheckValidationHashMap" name="cartPageProductCheckHashMap" time="6.169"/>
  <testcase classname="LearnSelnium.test.OrderCheckValidationHashMap" name="orderHistoryValidationHashMap" time="13.572"/>
  <testcase classname="LearnSelnium.test.OrderCheckValidationHashMap" name="submitOrderHashMap" time="5.778"/>
  <testcase classname="LearnSelnium.test.OrderCheckValidationHashMap" name="orderHistoryValidationHashMap" time="4.019"/>
  <testcase classname="LearnSelnium.test.OrderCheckValidationHashMap" name="submitOrderHashMap" time="5.760"/>
  <testcase classname="LearnSelnium.test.OrderCheckValidationHashMap" name="cartPageProductCheckHashMap" time="5.933"/>
</testsuite> <!-- LearnSelnium.test.OrderCheckValidationHashMap -->
