<?xml version="1.0" encoding="UTF-8"?>
<!-- Generated by org.testng.reporters.JUnitReportReporter -->
<testsuite hostname="Asplap1075" failures="0" tests="1" name="cucumber.TestNGtestrunner" time="4.476" errors="0" timestamp="28 May 2024 05:10:19 GMT" skipped="0">
  <testcase classname="cucumber.TestNGtestrunner" name="runScenario" time="4.476"/>
</testsuite> <!-- cucumber.TestNGtestrunner -->
