<?xml version="1.0" encoding="UTF-8"?>
<!-- Generated by org.testng.reporters.JUnitReportReporter -->
<testsuite hostname="Asplap1075" failures="0" tests="3" name="LearnSelnium.test.OrderCheckValidation" time="13.272" errors="0" timestamp="27 May 2024 12:35:51 GMT" skipped="0">
  <testcase classname="LearnSelnium.test.OrderCheckValidation" name="orderHistoryValidation" time="3.513"/>
  <testcase classname="LearnSelnium.test.OrderCheckValidation" name="cartPageProductCheck" time="4.664"/>
  <testcase classname="LearnSelnium.test.OrderCheckValidation" name="submitOrder" time="5.095"/>
</testsuite> <!-- LearnSelnium.test.OrderCheckValidation -->
