<?xml version="1.0" encoding="UTF-8"?>
<!-- Generated by org.testng.reporters.JUnitReportReporter -->
<testsuite hostname="Asplap1075" failures="0" tests="6" name="LearnSelnium.test.OrderCheckValidationJSONData" time="25.176" errors="0" timestamp="24 May 2024 12:20:32 GMT" skipped="0">
  <testcase classname="LearnSelnium.test.OrderCheckValidationJSONData" name="orderHistoryValidationJSONData" time="2.917"/>
  <testcase classname="LearnSelnium.test.OrderCheckValidationJSONData" name="orderHistoryValidationJSONData" time="3.646"/>
  <testcase classname="LearnSelnium.test.OrderCheckValidationJSONData" name="submitOrderJSONData" time="4.911"/>
  <testcase classname="LearnSelnium.test.OrderCheckValidationJSONData" name="cartPageProductCheckJSONData" time="4.027"/>
  <testcase classname="LearnSelnium.test.OrderCheckValidationJSONData" name="cartPageProductCheckJSONData" time="3.783"/>
  <testcase classname="LearnSelnium.test.OrderCheckValidationJSONData" name="submitOrderJSONData" time="5.892"/>
</testsuite> <!-- LearnSelnium.test.OrderCheckValidationJSONData -->
