<?xml version="1.0" encoding="UTF-8"?>
<!-- Generated by org.testng.reporters.JUnitReportReporter -->
<testsuite hostname="Asplap1075" failures="0" tests="2" name="LearnSelnium.test.ErrorValidation" time="7.410" errors="0" timestamp="15 May 2024 13:59:43 GMT" skipped="0">
  <testcase classname="LearnSelnium.test.ErrorValidation" name="loginErrorMessage" time="3.031"/>
  <testcase classname="LearnSelnium.test.ErrorValidation" name="submitOrder1" time="4.379"/>
</testsuite> <!-- LearnSelnium.test.ErrorValidation -->
