<?xml version="1.0" encoding="UTF-8"?>
<!-- Generated by org.testng.reporters.JUnitReportReporter -->
<testsuite hostname="Asplap1075" failures="0" tests="6" name="LearnSelnium.test.OrderCheckValidationDataProvider" time="29.748" errors="0" timestamp="24 May 2024 12:20:32 GMT" skipped="0">
  <testcase classname="LearnSelnium.test.OrderCheckValidationDataProvider" name="submitOrderDataProvider" time="6.684"/>
  <testcase classname="LearnSelnium.test.OrderCheckValidationDataProvider" name="cartPageProductCheckDataProvider" time="3.892"/>
  <testcase classname="LearnSelnium.test.OrderCheckValidationDataProvider" name="orderHistoryValidationDataProvider" time="3.928"/>
  <testcase classname="LearnSelnium.test.OrderCheckValidationDataProvider" name="submitOrderDataProvider" time="4.498"/>
  <testcase classname="LearnSelnium.test.OrderCheckValidationDataProvider" name="orderHistoryValidationDataProvider" time="3.971"/>
  <testcase classname="LearnSelnium.test.OrderCheckValidationDataProvider" name="cartPageProductCheckDataProvider" time="6.775"/>
</testsuite> <!-- LearnSelnium.test.OrderCheckValidationDataProvider -->
