<?xml version="1.0" encoding="UTF-8"?>
<!-- Generated by org.testng.reporters.JUnitReportReporter -->
<testsuite hostname="Asplap1075" failures="0" tests="1" name="LearnSelnium.test.E2ETestpart2" time="3.905" errors="0" timestamp="16 May 2024 04:40:07 GMT" skipped="0">
  <testcase classname="LearnSelnium.test.E2ETestpart2" name="createNewPassword" time="3.905"/>
</testsuite> <!-- LearnSelnium.test.E2ETestpart2 -->
