<?xml version="1.0" encoding="UTF-8"?>
<!-- Generated by org.testng.reporters.JUnitReportReporter -->
<testsuite skipped="0" hostname="Asplap1075" name="cucumber.TestNGtestrunner" tests="1" failures="0" timestamp="28 May 2024 05:02:59 GMT" time="6.527" errors="0">
  <testcase name="runScenario" time="6.527" classname="cucumber.TestNGtestrunner"/>
</testsuite> <!-- cucumber.TestNGtestrunner -->
