<?xml version="1.0" encoding="UTF-8"?>
<!-- Generated by org.testng.reporters.JUnitReportReporter -->
<testsuite skipped="0" hostname="Asplap1075" name="LearnSelnium.test.loginPageValidations" tests="1" failures="0" timestamp="28 May 2024 12:45:20 GMT" time="10.916" errors="0">
  <testcase name="createNewPassword" time="10.916" classname="LearnSelnium.test.loginPageValidations"/>
</testsuite> <!-- LearnSelnium.test.loginPageValidations -->
