<?xml version="1.0" encoding="UTF-8"?>
<!-- Generated by org.testng.reporters.JUnitReportReporter -->
<testsuite skipped="0" hostname="Asplap1075" name="LearnSelnium.test.OrderCheckValidation" tests="1" failures="0" timestamp="28 May 2024 12:45:20 GMT" time="12.662" errors="0">
  <testcase name="submitOrder" time="12.662" classname="LearnSelnium.test.OrderCheckValidation"/>
</testsuite> <!-- LearnSelnium.test.OrderCheckValidation -->
